{"/home/ashna/Desktop/TODO_HATIO/backend/server.js": {"path":"/home/ashna/Desktop/TODO_HATIO/backend/server.js","statementMap":{"0":{"start":{"line":2,"column":0},"end":{"line":2,"column":27}},"1":{"start":{"line":4,"column":16},"end":{"line":4,"column":34}},"2":{"start":{"line":5,"column":17},"end":{"line":5,"column":36}},"3":{"start":{"line":6,"column":13},"end":{"line":6,"column":28}},"4":{"start":{"line":7,"column":19},"end":{"line":7,"column":43}},"5":{"start":{"line":8,"column":22},"end":{"line":8,"column":50}},"6":{"start":{"line":9,"column":19},"end":{"line":9,"column":43}},"7":{"start":{"line":11,"column":12},"end":{"line":11,"column":21}},"8":{"start":{"line":14,"column":0},"end":{"line":14,"column":24}},"9":{"start":{"line":17,"column":19},"end":{"line":17,"column":49}},"10":{"start":{"line":18,"column":0},"end":{"line":22,"column":4}},"11":{"start":{"line":25,"column":0},"end":{"line":27,"column":3}},"12":{"start":{"line":26,"column":4},"end":{"line":26,"column":35}},"13":{"start":{"line":28,"column":0},"end":{"line":28,"column":33}},"14":{"start":{"line":29,"column":0},"end":{"line":29,"column":40}},"15":{"start":{"line":30,"column":0},"end":{"line":30,"column":34}},"16":{"start":{"line":33,"column":0},"end":{"line":46,"column":1}},"17":{"start":{"line":34,"column":4},"end":{"line":45,"column":11}},"18":{"start":{"line":37,"column":12},"end":{"line":37,"column":48}},"19":{"start":{"line":38,"column":25},"end":{"line":38,"column":49}},"20":{"start":{"line":39,"column":12},"end":{"line":41,"column":15}},"21":{"start":{"line":40,"column":16},"end":{"line":40,"column":62}},"22":{"start":{"line":44,"column":12},"end":{"line":44,"column":60}},"23":{"start":{"line":48,"column":0},"end":{"line":48,"column":21}}},"fnMap":{"0":{"name":"(anonymous_0)","decl":{"start":{"line":25,"column":13},"end":{"line":25,"column":14}},"loc":{"start":{"line":25,"column":27},"end":{"line":27,"column":1}},"line":25},"1":{"name":"(anonymous_1)","decl":{"start":{"line":36,"column":14},"end":{"line":36,"column":15}},"loc":{"start":{"line":36,"column":20},"end":{"line":42,"column":9}},"line":36},"2":{"name":"(anonymous_2)","decl":{"start":{"line":39,"column":29},"end":{"line":39,"column":30}},"loc":{"start":{"line":39,"column":35},"end":{"line":41,"column":13}},"line":39},"3":{"name":"(anonymous_3)","decl":{"start":{"line":43,"column":15},"end":{"line":43,"column":16}},"loc":{"start":{"line":43,"column":24},"end":{"line":45,"column":9}},"line":43}},"branchMap":{"0":{"loc":{"start":{"line":17,"column":19},"end":{"line":17,"column":49}},"type":"binary-expr","locations":[{"start":{"line":17,"column":19},"end":{"line":17,"column":42}},{"start":{"line":17,"column":46},"end":{"line":17,"column":49}}],"line":17},"1":{"loc":{"start":{"line":33,"column":0},"end":{"line":46,"column":1}},"type":"if","locations":[{"start":{"line":33,"column":0},"end":{"line":46,"column":1}},{"start":{},"end":{}}],"line":33},"2":{"loc":{"start":{"line":38,"column":25},"end":{"line":38,"column":49}},"type":"binary-expr","locations":[{"start":{"line":38,"column":25},"end":{"line":38,"column":41}},{"start":{"line":38,"column":45},"end":{"line":38,"column":49}}],"line":38}},"s":{"0":3,"1":3,"2":3,"3":3,"4":3,"5":3,"6":3,"7":3,"8":3,"9":3,"10":3,"11":3,"12":0,"13":3,"14":3,"15":3,"16":3,"17":0,"18":0,"19":0,"20":0,"21":0,"22":0,"23":3},"f":{"0":0,"1":0,"2":0,"3":0},"b":{"0":[3,0],"1":[0,3],"2":[0,0]},"_coverageSchema":"1a1c01bbd47fc00a2c39e90264f33305004495a9","hash":"6ca1103875cc2bef94416f494f43a64e6685ba98"}
,"/home/ashna/Desktop/TODO_HATIO/backend/controllers/authController.js": {"path":"/home/ashna/Desktop/TODO_HATIO/backend/controllers/authController.js","statementMap":{"0":{"start":{"line":1,"column":29},"end":{"line":1,"column":57}},"1":{"start":{"line":2,"column":13},"end":{"line":2,"column":38}},"2":{"start":{"line":4,"column":23},"end":{"line":24,"column":1}},"3":{"start":{"line":5,"column":4},"end":{"line":5,"column":63}},"4":{"start":{"line":6,"column":4},"end":{"line":9,"column":5}},"5":{"start":{"line":7,"column":8},"end":{"line":7,"column":87}},"6":{"start":{"line":8,"column":8},"end":{"line":8,"column":20}},"7":{"start":{"line":10,"column":30},"end":{"line":10,"column":54}},"8":{"start":{"line":11,"column":4},"end":{"line":23,"column":5}},"9":{"start":{"line":12,"column":28},"end":{"line":12,"column":86}},"10":{"start":{"line":13,"column":8},"end":{"line":13,"column":59}},"11":{"start":{"line":14,"column":37},"end":{"line":14,"column":59}},"12":{"start":{"line":15,"column":8},"end":{"line":18,"column":9}},"13":{"start":{"line":16,"column":12},"end":{"line":16,"column":79}},"14":{"start":{"line":17,"column":12},"end":{"line":17,"column":24}},"15":{"start":{"line":19,"column":8},"end":{"line":19,"column":38}},"16":{"start":{"line":21,"column":8},"end":{"line":21,"column":58}},"17":{"start":{"line":22,"column":8},"end":{"line":22,"column":20}},"18":{"start":{"line":27,"column":0},"end":{"line":68,"column":2}},"19":{"start":{"line":28,"column":4},"end":{"line":28,"column":44}},"20":{"start":{"line":30,"column":19},"end":{"line":30,"column":40}},"21":{"start":{"line":31,"column":4},"end":{"line":34,"column":5}},"22":{"start":{"line":32,"column":8},"end":{"line":32,"column":58}},"23":{"start":{"line":33,"column":8},"end":{"line":33,"column":64}},"24":{"start":{"line":36,"column":4},"end":{"line":67,"column":5}},"25":{"start":{"line":37,"column":39},"end":{"line":37,"column":47}},"26":{"start":{"line":38,"column":8},"end":{"line":38,"column":67}},"27":{"start":{"line":41,"column":29},"end":{"line":41,"column":61}},"28":{"start":{"line":42,"column":8},"end":{"line":45,"column":9}},"29":{"start":{"line":43,"column":12},"end":{"line":43,"column":65}},"30":{"start":{"line":44,"column":12},"end":{"line":44,"column":80}},"31":{"start":{"line":48,"column":21},"end":{"line":48,"column":53}},"32":{"start":{"line":49,"column":8},"end":{"line":49,"column":26}},"33":{"start":{"line":50,"column":8},"end":{"line":50,"column":54}},"34":{"start":{"line":53,"column":28},"end":{"line":53,"column":85}},"35":{"start":{"line":54,"column":27},"end":{"line":54,"column":49}},"36":{"start":{"line":57,"column":8},"end":{"line":57,"column":69}},"37":{"start":{"line":60,"column":8},"end":{"line":63,"column":11}},"38":{"start":{"line":65,"column":8},"end":{"line":65,"column":57}},"39":{"start":{"line":66,"column":8},"end":{"line":66,"column":53}},"40":{"start":{"line":71,"column":0},"end":{"line":107,"column":2}},"41":{"start":{"line":72,"column":4},"end":{"line":72,"column":41}},"42":{"start":{"line":73,"column":4},"end":{"line":106,"column":5}},"43":{"start":{"line":74,"column":27},"end":{"line":74,"column":55}},"44":{"start":{"line":75,"column":8},"end":{"line":75,"column":68}},"45":{"start":{"line":76,"column":28},"end":{"line":76,"column":54}},"46":{"start":{"line":78,"column":8},"end":{"line":81,"column":9}},"47":{"start":{"line":79,"column":12},"end":{"line":79,"column":67}},"48":{"start":{"line":80,"column":12},"end":{"line":80,"column":98}},"49":{"start":{"line":83,"column":39},"end":{"line":83,"column":50}},"50":{"start":{"line":84,"column":8},"end":{"line":84,"column":61}},"51":{"start":{"line":87,"column":21},"end":{"line":87,"column":53}},"52":{"start":{"line":88,"column":8},"end":{"line":91,"column":9}},"53":{"start":{"line":89,"column":12},"end":{"line":89,"column":70}},"54":{"start":{"line":90,"column":12},"end":{"line":90,"column":71}},"55":{"start":{"line":94,"column":24},"end":{"line":94,"column":60}},"56":{"start":{"line":95,"column":8},"end":{"line":95,"column":57}},"57":{"start":{"line":96,"column":8},"end":{"line":99,"column":9}},"58":{"start":{"line":97,"column":12},"end":{"line":97,"column":56}},"59":{"start":{"line":98,"column":12},"end":{"line":98,"column":76}},"60":{"start":{"line":101,"column":8},"end":{"line":101,"column":65}},"61":{"start":{"line":102,"column":8},"end":{"line":102,"column":68}},"62":{"start":{"line":104,"column":8},"end":{"line":104,"column":50}},"63":{"start":{"line":105,"column":8},"end":{"line":105,"column":53}}},"fnMap":{"0":{"name":"(anonymous_0)","decl":{"start":{"line":4,"column":23},"end":{"line":4,"column":24}},"loc":{"start":{"line":4,"column":39},"end":{"line":24,"column":1}},"line":4},"1":{"name":"(anonymous_1)","decl":{"start":{"line":27,"column":19},"end":{"line":27,"column":20}},"loc":{"start":{"line":27,"column":39},"end":{"line":68,"column":1}},"line":27},"2":{"name":"(anonymous_2)","decl":{"start":{"line":71,"column":16},"end":{"line":71,"column":17}},"loc":{"start":{"line":71,"column":36},"end":{"line":107,"column":1}},"line":71}},"branchMap":{"0":{"loc":{"start":{"line":6,"column":4},"end":{"line":9,"column":5}},"type":"if","locations":[{"start":{"line":6,"column":4},"end":{"line":9,"column":5}},{"start":{},"end":{}}],"line":6},"1":{"loc":{"start":{"line":6,"column":8},"end":{"line":6,"column":55}},"type":"binary-expr","locations":[{"start":{"line":6,"column":8},"end":{"line":6,"column":19}},{"start":{"line":6,"column":23},"end":{"line":6,"column":55}}],"line":6},"2":{"loc":{"start":{"line":15,"column":8},"end":{"line":18,"column":9}},"type":"if","locations":[{"start":{"line":15,"column":8},"end":{"line":18,"column":9}},{"start":{},"end":{}}],"line":15},"3":{"loc":{"start":{"line":15,"column":12},"end":{"line":15,"column":34}},"type":"binary-expr","locations":[{"start":{"line":15,"column":12},"end":{"line":15,"column":21}},{"start":{"line":15,"column":25},"end":{"line":15,"column":34}}],"line":15},"4":{"loc":{"start":{"line":31,"column":4},"end":{"line":34,"column":5}},"type":"if","locations":[{"start":{"line":31,"column":4},"end":{"line":34,"column":5}},{"start":{},"end":{}}],"line":31},"5":{"loc":{"start":{"line":42,"column":8},"end":{"line":45,"column":9}},"type":"if","locations":[{"start":{"line":42,"column":8},"end":{"line":45,"column":9}},{"start":{},"end":{}}],"line":42},"6":{"loc":{"start":{"line":78,"column":8},"end":{"line":81,"column":9}},"type":"if","locations":[{"start":{"line":78,"column":8},"end":{"line":81,"column":9}},{"start":{},"end":{}}],"line":78},"7":{"loc":{"start":{"line":88,"column":8},"end":{"line":91,"column":9}},"type":"if","locations":[{"start":{"line":88,"column":8},"end":{"line":91,"column":9}},{"start":{},"end":{}}],"line":88},"8":{"loc":{"start":{"line":96,"column":8},"end":{"line":99,"column":9}},"type":"if","locations":[{"start":{"line":96,"column":8},"end":{"line":99,"column":9}},{"start":{},"end":{}}],"line":96}},"s":{"0":3,"1":3,"2":3,"3":3,"4":3,"5":0,"6":0,"7":3,"8":3,"9":3,"10":3,"11":3,"12":3,"13":1,"14":1,"15":2,"16":0,"17":0,"18":3,"19":2,"20":2,"21":2,"22":0,"23":0,"24":2,"25":2,"26":2,"27":2,"28":2,"29":1,"30":1,"31":1,"32":1,"33":1,"34":1,"35":1,"36":1,"37":1,"38":0,"39":0,"40":3,"41":3,"42":3,"43":3,"44":3,"45":3,"46":3,"47":1,"48":1,"49":2,"50":2,"51":2,"52":2,"53":1,"54":1,"55":1,"56":1,"57":1,"58":0,"59":0,"60":1,"61":1,"62":0,"63":0},"f":{"0":3,"1":2,"2":3},"b":{"0":[0,3],"1":[3,3],"2":[1,2],"3":[3,3],"4":[0,2],"5":[1,1],"6":[1,2],"7":[1,1],"8":[0,1]},"_coverageSchema":"1a1c01bbd47fc00a2c39e90264f33305004495a9","hash":"32a5c3d25f680ee91d0c5c912e3edb9b78f33016"}
,"/home/ashna/Desktop/TODO_HATIO/backend/controllers/projectController.js": {"path":"/home/ashna/Desktop/TODO_HATIO/backend/controllers/projectController.js","statementMap":{"0":{"start":{"line":1,"column":29},"end":{"line":1,"column":57}},"1":{"start":{"line":2,"column":16},"end":{"line":2,"column":44}},"2":{"start":{"line":3,"column":13},"end":{"line":3,"column":38}},"3":{"start":{"line":4,"column":23},"end":{"line":4,"column":59}},"4":{"start":{"line":5,"column":11},"end":{"line":5,"column":24}},"5":{"start":{"line":6,"column":13},"end":{"line":6,"column":28}},"6":{"start":{"line":7,"column":13},"end":{"line":7,"column":38}},"7":{"start":{"line":9,"column":21},"end":{"line":35,"column":1}},"8":{"start":{"line":10,"column":4},"end":{"line":10,"column":42}},"9":{"start":{"line":11,"column":23},"end":{"line":11,"column":51}},"10":{"start":{"line":12,"column":4},"end":{"line":15,"column":5}},"11":{"start":{"line":13,"column":8},"end":{"line":13,"column":63}},"12":{"start":{"line":14,"column":8},"end":{"line":14,"column":20}},"13":{"start":{"line":16,"column":30},"end":{"line":16,"column":54}},"14":{"start":{"line":17,"column":24},"end":{"line":17,"column":82}},"15":{"start":{"line":18,"column":33},"end":{"line":18,"column":55}},"16":{"start":{"line":19,"column":4},"end":{"line":19,"column":56}},"17":{"start":{"line":21,"column":17},"end":{"line":21,"column":49}},"18":{"start":{"line":22,"column":4},"end":{"line":25,"column":5}},"19":{"start":{"line":23,"column":8},"end":{"line":23,"column":38}},"20":{"start":{"line":24,"column":8},"end":{"line":24,"column":20}},"21":{"start":{"line":27,"column":20},"end":{"line":27,"column":56}},"22":{"start":{"line":28,"column":4},"end":{"line":31,"column":5}},"23":{"start":{"line":29,"column":8},"end":{"line":29,"column":41}},"24":{"start":{"line":30,"column":8},"end":{"line":30,"column":20}},"25":{"start":{"line":33,"column":4},"end":{"line":33,"column":51}},"26":{"start":{"line":34,"column":4},"end":{"line":34,"column":16}},"27":{"start":{"line":37,"column":0},"end":{"line":64,"column":2}},"28":{"start":{"line":38,"column":4},"end":{"line":38,"column":50}},"29":{"start":{"line":39,"column":19},"end":{"line":39,"column":40}},"30":{"start":{"line":40,"column":4},"end":{"line":43,"column":5}},"31":{"start":{"line":41,"column":8},"end":{"line":41,"column":58}},"32":{"start":{"line":42,"column":8},"end":{"line":42,"column":64}},"33":{"start":{"line":45,"column":4},"end":{"line":63,"column":5}},"34":{"start":{"line":46,"column":21},"end":{"line":46,"column":44}},"35":{"start":{"line":47,"column":8},"end":{"line":50,"column":9}},"36":{"start":{"line":48,"column":12},"end":{"line":48,"column":55}},"37":{"start":{"line":49,"column":12},"end":{"line":49,"column":69}},"38":{"start":{"line":52,"column":26},"end":{"line":52,"column":34}},"39":{"start":{"line":53,"column":8},"end":{"line":53,"column":88}},"40":{"start":{"line":55,"column":24},"end":{"line":55,"column":62}},"41":{"start":{"line":56,"column":8},"end":{"line":56,"column":29}},"42":{"start":{"line":58,"column":8},"end":{"line":58,"column":62}},"43":{"start":{"line":59,"column":8},"end":{"line":59,"column":38}},"44":{"start":{"line":61,"column":8},"end":{"line":61,"column":54}},"45":{"start":{"line":62,"column":8},"end":{"line":62,"column":53}},"46":{"start":{"line":66,"column":0},"end":{"line":83,"column":2}},"47":{"start":{"line":67,"column":4},"end":{"line":67,"column":52}},"48":{"start":{"line":68,"column":4},"end":{"line":82,"column":5}},"49":{"start":{"line":69,"column":21},"end":{"line":69,"column":44}},"50":{"start":{"line":70,"column":8},"end":{"line":73,"column":9}},"51":{"start":{"line":71,"column":12},"end":{"line":71,"column":55}},"52":{"start":{"line":72,"column":12},"end":{"line":72,"column":69}},"53":{"start":{"line":75,"column":8},"end":{"line":75,"column":72}},"54":{"start":{"line":76,"column":25},"end":{"line":76,"column":81}},"55":{"start":{"line":77,"column":8},"end":{"line":77,"column":61}},"56":{"start":{"line":78,"column":8},"end":{"line":78,"column":39}},"57":{"start":{"line":80,"column":8},"end":{"line":80,"column":57}},"58":{"start":{"line":81,"column":8},"end":{"line":81,"column":53}},"59":{"start":{"line":85,"column":0},"end":{"line":107,"column":2}},"60":{"start":{"line":86,"column":4},"end":{"line":86,"column":53}},"61":{"start":{"line":87,"column":4},"end":{"line":106,"column":5}},"62":{"start":{"line":88,"column":21},"end":{"line":88,"column":44}},"63":{"start":{"line":89,"column":8},"end":{"line":92,"column":9}},"64":{"start":{"line":90,"column":12},"end":{"line":90,"column":55}},"65":{"start":{"line":91,"column":12},"end":{"line":91,"column":69}},"66":{"start":{"line":94,"column":8},"end":{"line":94,"column":66}},"67":{"start":{"line":95,"column":24},"end":{"line":95,"column":103}},"68":{"start":{"line":96,"column":8},"end":{"line":99,"column":9}},"69":{"start":{"line":97,"column":12},"end":{"line":97,"column":45}},"70":{"start":{"line":98,"column":12},"end":{"line":98,"column":74}},"71":{"start":{"line":101,"column":8},"end":{"line":101,"column":64}},"72":{"start":{"line":102,"column":8},"end":{"line":102,"column":38}},"73":{"start":{"line":104,"column":8},"end":{"line":104,"column":56}},"74":{"start":{"line":105,"column":8},"end":{"line":105,"column":53}},"75":{"start":{"line":109,"column":0},"end":{"line":144,"column":2}},"76":{"start":{"line":110,"column":4},"end":{"line":110,"column":56}},"77":{"start":{"line":111,"column":19},"end":{"line":111,"column":40}},"78":{"start":{"line":112,"column":4},"end":{"line":115,"column":5}},"79":{"start":{"line":113,"column":8},"end":{"line":113,"column":58}},"80":{"start":{"line":114,"column":8},"end":{"line":114,"column":64}},"81":{"start":{"line":117,"column":4},"end":{"line":143,"column":5}},"82":{"start":{"line":118,"column":21},"end":{"line":118,"column":44}},"83":{"start":{"line":119,"column":8},"end":{"line":122,"column":9}},"84":{"start":{"line":120,"column":12},"end":{"line":120,"column":55}},"85":{"start":{"line":121,"column":12},"end":{"line":121,"column":69}},"86":{"start":{"line":124,"column":26},"end":{"line":124,"column":34}},"87":{"start":{"line":125,"column":8},"end":{"line":125,"column":86}},"88":{"start":{"line":127,"column":24},"end":{"line":131,"column":27}},"89":{"start":{"line":133,"column":8},"end":{"line":136,"column":9}},"90":{"start":{"line":134,"column":12},"end":{"line":134,"column":45}},"91":{"start":{"line":135,"column":12},"end":{"line":135,"column":74}},"92":{"start":{"line":138,"column":8},"end":{"line":138,"column":62}},"93":{"start":{"line":139,"column":8},"end":{"line":139,"column":38}},"94":{"start":{"line":141,"column":8},"end":{"line":141,"column":60}},"95":{"start":{"line":142,"column":8},"end":{"line":142,"column":53}},"96":{"start":{"line":146,"column":0},"end":{"line":173,"column":2}},"97":{"start":{"line":147,"column":4},"end":{"line":147,"column":50}},"98":{"start":{"line":148,"column":4},"end":{"line":172,"column":5}},"99":{"start":{"line":149,"column":21},"end":{"line":149,"column":44}},"100":{"start":{"line":150,"column":8},"end":{"line":153,"column":9}},"101":{"start":{"line":151,"column":12},"end":{"line":151,"column":55}},"102":{"start":{"line":152,"column":12},"end":{"line":152,"column":69}},"103":{"start":{"line":155,"column":8},"end":{"line":155,"column":66}},"104":{"start":{"line":156,"column":24},"end":{"line":156,"column":94}},"105":{"start":{"line":158,"column":8},"end":{"line":161,"column":9}},"106":{"start":{"line":159,"column":12},"end":{"line":159,"column":45}},"107":{"start":{"line":160,"column":12},"end":{"line":160,"column":74}},"108":{"start":{"line":163,"column":8},"end":{"line":163,"column":52}},"109":{"start":{"line":164,"column":8},"end":{"line":164,"column":63}},"110":{"start":{"line":165,"column":8},"end":{"line":165,"column":50}},"111":{"start":{"line":167,"column":8},"end":{"line":167,"column":52}},"112":{"start":{"line":168,"column":8},"end":{"line":168,"column":74}},"113":{"start":{"line":170,"column":8},"end":{"line":170,"column":54}},"114":{"start":{"line":171,"column":8},"end":{"line":171,"column":53}},"115":{"start":{"line":176,"column":0},"end":{"line":238,"column":2}},"116":{"start":{"line":177,"column":4},"end":{"line":237,"column":5}},"117":{"start":{"line":178,"column":21},"end":{"line":178,"column":44}},"118":{"start":{"line":179,"column":8},"end":{"line":181,"column":9}},"119":{"start":{"line":180,"column":12},"end":{"line":180,"column":69}},"120":{"start":{"line":183,"column":26},"end":{"line":183,"column":39}},"121":{"start":{"line":185,"column":24},"end":{"line":185,"column":99}},"122":{"start":{"line":186,"column":8},"end":{"line":186,"column":84}},"123":{"start":{"line":186,"column":22},"end":{"line":186,"column":84}},"124":{"start":{"line":188,"column":27},"end":{"line":188,"column":47}},"125":{"start":{"line":189,"column":31},"end":{"line":189,"column":95}},"126":{"start":{"line":189,"column":60},"end":{"line":189,"column":87}},"127":{"start":{"line":190,"column":29},"end":{"line":190,"column":84}},"128":{"start":{"line":190,"column":58},"end":{"line":190,"column":83}},"129":{"start":{"line":193,"column":23},"end":{"line":193,"column":47}},"130":{"start":{"line":194,"column":8},"end":{"line":194,"column":84}},"131":{"start":{"line":196,"column":8},"end":{"line":196,"column":35}},"132":{"start":{"line":197,"column":8},"end":{"line":199,"column":11}},"133":{"start":{"line":198,"column":12},"end":{"line":198,"column":110}},"134":{"start":{"line":201,"column":8},"end":{"line":201,"column":40}},"135":{"start":{"line":202,"column":8},"end":{"line":206,"column":15}},"136":{"start":{"line":203,"column":28},"end":{"line":203,"column":55}},"137":{"start":{"line":205,"column":16},"end":{"line":205,"column":116}},"138":{"start":{"line":208,"column":25},"end":{"line":208,"column":67}},"139":{"start":{"line":210,"column":8},"end":{"line":220,"column":9}},"140":{"start":{"line":211,"column":29},"end":{"line":211,"column":76}},"141":{"start":{"line":213,"column":12},"end":{"line":219,"column":13}},"142":{"start":{"line":214,"column":16},"end":{"line":214,"column":74}},"143":{"start":{"line":215,"column":16},"end":{"line":215,"column":61}},"144":{"start":{"line":216,"column":16},"end":{"line":216,"column":94}},"145":{"start":{"line":218,"column":16},"end":{"line":218,"column":81}},"146":{"start":{"line":223,"column":21},"end":{"line":231,"column":9}},"147":{"start":{"line":233,"column":8},"end":{"line":233,"column":95}},"148":{"start":{"line":235,"column":8},"end":{"line":235,"column":63}},"149":{"start":{"line":236,"column":8},"end":{"line":236,"column":53}}},"fnMap":{"0":{"name":"(anonymous_0)","decl":{"start":{"line":9,"column":21},"end":{"line":9,"column":22}},"loc":{"start":{"line":9,"column":36},"end":{"line":35,"column":1}},"line":9},"1":{"name":"(anonymous_1)","decl":{"start":{"line":37,"column":24},"end":{"line":37,"column":25}},"loc":{"start":{"line":37,"column":44},"end":{"line":64,"column":1}},"line":37},"2":{"name":"(anonymous_2)","decl":{"start":{"line":66,"column":25},"end":{"line":66,"column":26}},"loc":{"start":{"line":66,"column":45},"end":{"line":83,"column":1}},"line":66},"3":{"name":"(anonymous_3)","decl":{"start":{"line":85,"column":25},"end":{"line":85,"column":26}},"loc":{"start":{"line":85,"column":45},"end":{"line":107,"column":1}},"line":85},"4":{"name":"(anonymous_4)","decl":{"start":{"line":109,"column":29},"end":{"line":109,"column":30}},"loc":{"start":{"line":109,"column":49},"end":{"line":144,"column":1}},"line":109},"5":{"name":"(anonymous_5)","decl":{"start":{"line":146,"column":24},"end":{"line":146,"column":25}},"loc":{"start":{"line":146,"column":44},"end":{"line":173,"column":1}},"line":146},"6":{"name":"(anonymous_6)","decl":{"start":{"line":176,"column":31},"end":{"line":176,"column":32}},"loc":{"start":{"line":176,"column":51},"end":{"line":238,"column":1}},"line":176},"7":{"name":"(anonymous_7)","decl":{"start":{"line":189,"column":52},"end":{"line":189,"column":53}},"loc":{"start":{"line":189,"column":60},"end":{"line":189,"column":87}},"line":189},"8":{"name":"(anonymous_8)","decl":{"start":{"line":190,"column":50},"end":{"line":190,"column":51}},"loc":{"start":{"line":190,"column":58},"end":{"line":190,"column":83}},"line":190},"9":{"name":"(anonymous_9)","decl":{"start":{"line":197,"column":29},"end":{"line":197,"column":30}},"loc":{"start":{"line":197,"column":37},"end":{"line":199,"column":9}},"line":197},"10":{"name":"(anonymous_10)","decl":{"start":{"line":203,"column":20},"end":{"line":203,"column":21}},"loc":{"start":{"line":203,"column":28},"end":{"line":203,"column":55}},"line":203},"11":{"name":"(anonymous_11)","decl":{"start":{"line":204,"column":21},"end":{"line":204,"column":22}},"loc":{"start":{"line":204,"column":29},"end":{"line":206,"column":13}},"line":204}},"branchMap":{"0":{"loc":{"start":{"line":12,"column":4},"end":{"line":15,"column":5}},"type":"if","locations":[{"start":{"line":12,"column":4},"end":{"line":15,"column":5}},{"start":{},"end":{}}],"line":12},"1":{"loc":{"start":{"line":12,"column":8},"end":{"line":12,"column":55}},"type":"binary-expr","locations":[{"start":{"line":12,"column":8},"end":{"line":12,"column":19}},{"start":{"line":12,"column":23},"end":{"line":12,"column":55}}],"line":12},"2":{"loc":{"start":{"line":22,"column":4},"end":{"line":25,"column":5}},"type":"if","locations":[{"start":{"line":22,"column":4},"end":{"line":25,"column":5}},{"start":{},"end":{}}],"line":22},"3":{"loc":{"start":{"line":28,"column":4},"end":{"line":31,"column":5}},"type":"if","locations":[{"start":{"line":28,"column":4},"end":{"line":31,"column":5}},{"start":{},"end":{}}],"line":28},"4":{"loc":{"start":{"line":40,"column":4},"end":{"line":43,"column":5}},"type":"if","locations":[{"start":{"line":40,"column":4},"end":{"line":43,"column":5}},{"start":{},"end":{}}],"line":40},"5":{"loc":{"start":{"line":47,"column":8},"end":{"line":50,"column":9}},"type":"if","locations":[{"start":{"line":47,"column":8},"end":{"line":50,"column":9}},{"start":{},"end":{}}],"line":47},"6":{"loc":{"start":{"line":70,"column":8},"end":{"line":73,"column":9}},"type":"if","locations":[{"start":{"line":70,"column":8},"end":{"line":73,"column":9}},{"start":{},"end":{}}],"line":70},"7":{"loc":{"start":{"line":89,"column":8},"end":{"line":92,"column":9}},"type":"if","locations":[{"start":{"line":89,"column":8},"end":{"line":92,"column":9}},{"start":{},"end":{}}],"line":89},"8":{"loc":{"start":{"line":96,"column":8},"end":{"line":99,"column":9}},"type":"if","locations":[{"start":{"line":96,"column":8},"end":{"line":99,"column":9}},{"start":{},"end":{}}],"line":96},"9":{"loc":{"start":{"line":112,"column":4},"end":{"line":115,"column":5}},"type":"if","locations":[{"start":{"line":112,"column":4},"end":{"line":115,"column":5}},{"start":{},"end":{}}],"line":112},"10":{"loc":{"start":{"line":119,"column":8},"end":{"line":122,"column":9}},"type":"if","locations":[{"start":{"line":119,"column":8},"end":{"line":122,"column":9}},{"start":{},"end":{}}],"line":119},"11":{"loc":{"start":{"line":133,"column":8},"end":{"line":136,"column":9}},"type":"if","locations":[{"start":{"line":133,"column":8},"end":{"line":136,"column":9}},{"start":{},"end":{}}],"line":133},"12":{"loc":{"start":{"line":150,"column":8},"end":{"line":153,"column":9}},"type":"if","locations":[{"start":{"line":150,"column":8},"end":{"line":153,"column":9}},{"start":{},"end":{}}],"line":150},"13":{"loc":{"start":{"line":158,"column":8},"end":{"line":161,"column":9}},"type":"if","locations":[{"start":{"line":158,"column":8},"end":{"line":161,"column":9}},{"start":{},"end":{}}],"line":158},"14":{"loc":{"start":{"line":179,"column":8},"end":{"line":181,"column":9}},"type":"if","locations":[{"start":{"line":179,"column":8},"end":{"line":181,"column":9}},{"start":{},"end":{}}],"line":179},"15":{"loc":{"start":{"line":186,"column":8},"end":{"line":186,"column":84}},"type":"if","locations":[{"start":{"line":186,"column":8},"end":{"line":186,"column":84}},{"start":{},"end":{}}],"line":186},"16":{"loc":{"start":{"line":210,"column":8},"end":{"line":220,"column":9}},"type":"if","locations":[{"start":{"line":210,"column":8},"end":{"line":220,"column":9}},{"start":{},"end":{}}],"line":210}},"s":{"0":3,"1":3,"2":3,"3":3,"4":3,"5":3,"6":3,"7":3,"8":9,"9":9,"10":9,"11":0,"12":0,"13":9,"14":9,"15":9,"16":9,"17":9,"18":9,"19":0,"20":0,"21":9,"22":9,"23":0,"24":0,"25":9,"26":9,"27":3,"28":2,"29":2,"30":2,"31":1,"32":1,"33":1,"34":1,"35":1,"36":0,"37":0,"38":1,"39":1,"40":1,"41":1,"42":1,"43":1,"44":0,"45":0,"46":3,"47":2,"48":2,"49":2,"50":2,"51":0,"52":0,"53":2,"54":2,"55":2,"56":2,"57":0,"58":0,"59":3,"60":2,"61":2,"62":2,"63":2,"64":0,"65":0,"66":2,"67":2,"68":2,"69":1,"70":1,"71":1,"72":1,"73":0,"74":0,"75":3,"76":3,"77":3,"78":3,"79":1,"80":1,"81":2,"82":2,"83":2,"84":0,"85":0,"86":2,"87":2,"88":2,"89":2,"90":1,"91":1,"92":1,"93":1,"94":0,"95":0,"96":3,"97":2,"98":2,"99":2,"100":2,"101":0,"102":0,"103":2,"104":2,"105":2,"106":1,"107":1,"108":1,"109":1,"110":1,"111":1,"112":1,"113":0,"114":0,"115":3,"116":0,"117":0,"118":0,"119":0,"120":0,"121":0,"122":0,"123":0,"124":0,"125":0,"126":0,"127":0,"128":0,"129":0,"130":0,"131":0,"132":0,"133":0,"134":0,"135":0,"136":0,"137":0,"138":0,"139":0,"140":0,"141":0,"142":0,"143":0,"144":0,"145":0,"146":0,"147":0,"148":0,"149":0},"f":{"0":9,"1":2,"2":2,"3":2,"4":3,"5":2,"6":0,"7":0,"8":0,"9":0,"10":0,"11":0},"b":{"0":[0,9],"1":[9,9],"2":[0,9],"3":[0,9],"4":[1,1],"5":[0,1],"6":[0,2],"7":[0,2],"8":[1,1],"9":[1,2],"10":[0,2],"11":[1,1],"12":[0,2],"13":[1,1],"14":[0,0],"15":[0,0],"16":[0,0]},"_coverageSchema":"1a1c01bbd47fc00a2c39e90264f33305004495a9","hash":"9072124d9dfdbf47eb0550ba1e17ee3c8411cb9b"}
,"/home/ashna/Desktop/TODO_HATIO/backend/controllers/todoController.js": {"path":"/home/ashna/Desktop/TODO_HATIO/backend/controllers/todoController.js","statementMap":{"0":{"start":{"line":1,"column":13},"end":{"line":1,"column":38}},"1":{"start":{"line":2,"column":16},"end":{"line":2,"column":44}},"2":{"start":{"line":3,"column":13},"end":{"line":3,"column":38}},"3":{"start":{"line":5,"column":21},"end":{"line":31,"column":1}},"4":{"start":{"line":6,"column":4},"end":{"line":6,"column":42}},"5":{"start":{"line":7,"column":23},"end":{"line":7,"column":51}},"6":{"start":{"line":8,"column":4},"end":{"line":11,"column":5}},"7":{"start":{"line":9,"column":8},"end":{"line":9,"column":63}},"8":{"start":{"line":10,"column":8},"end":{"line":10,"column":20}},"9":{"start":{"line":12,"column":30},"end":{"line":12,"column":54}},"10":{"start":{"line":13,"column":24},"end":{"line":13,"column":82}},"11":{"start":{"line":14,"column":33},"end":{"line":14,"column":55}},"12":{"start":{"line":15,"column":4},"end":{"line":15,"column":56}},"13":{"start":{"line":17,"column":17},"end":{"line":17,"column":49}},"14":{"start":{"line":18,"column":4},"end":{"line":21,"column":5}},"15":{"start":{"line":19,"column":8},"end":{"line":19,"column":38}},"16":{"start":{"line":20,"column":8},"end":{"line":20,"column":20}},"17":{"start":{"line":23,"column":20},"end":{"line":23,"column":56}},"18":{"start":{"line":24,"column":4},"end":{"line":27,"column":5}},"19":{"start":{"line":25,"column":8},"end":{"line":25,"column":41}},"20":{"start":{"line":26,"column":8},"end":{"line":26,"column":20}},"21":{"start":{"line":29,"column":4},"end":{"line":29,"column":51}},"22":{"start":{"line":30,"column":4},"end":{"line":30,"column":16}},"23":{"start":{"line":34,"column":0},"end":{"line":69,"column":2}},"24":{"start":{"line":35,"column":4},"end":{"line":35,"column":44}},"25":{"start":{"line":36,"column":4},"end":{"line":68,"column":5}},"26":{"start":{"line":37,"column":21},"end":{"line":37,"column":44}},"27":{"start":{"line":38,"column":8},"end":{"line":41,"column":9}},"28":{"start":{"line":39,"column":12},"end":{"line":39,"column":55}},"29":{"start":{"line":40,"column":12},"end":{"line":40,"column":69}},"30":{"start":{"line":43,"column":32},"end":{"line":43,"column":40}},"31":{"start":{"line":44,"column":26},"end":{"line":44,"column":46}},"32":{"start":{"line":45,"column":8},"end":{"line":45,"column":90}},"33":{"start":{"line":48,"column":24},"end":{"line":48,"column":81}},"34":{"start":{"line":49,"column":8},"end":{"line":52,"column":9}},"35":{"start":{"line":50,"column":12},"end":{"line":50,"column":45}},"36":{"start":{"line":51,"column":12},"end":{"line":51,"column":74}},"37":{"start":{"line":55,"column":21},"end":{"line":55,"column":66}},"38":{"start":{"line":56,"column":8},"end":{"line":56,"column":26}},"39":{"start":{"line":57,"column":8},"end":{"line":57,"column":56}},"40":{"start":{"line":60,"column":8},"end":{"line":60,"column":37}},"41":{"start":{"line":61,"column":8},"end":{"line":61,"column":29}},"42":{"start":{"line":62,"column":8},"end":{"line":62,"column":58}},"43":{"start":{"line":64,"column":8},"end":{"line":64,"column":35}},"44":{"start":{"line":66,"column":8},"end":{"line":66,"column":49}},"45":{"start":{"line":67,"column":8},"end":{"line":67,"column":53}},"46":{"start":{"line":71,"column":0},"end":{"line":112,"column":2}},"47":{"start":{"line":72,"column":4},"end":{"line":72,"column":47}},"48":{"start":{"line":73,"column":4},"end":{"line":111,"column":5}},"49":{"start":{"line":74,"column":21},"end":{"line":74,"column":44}},"50":{"start":{"line":75,"column":8},"end":{"line":78,"column":9}},"51":{"start":{"line":76,"column":12},"end":{"line":76,"column":55}},"52":{"start":{"line":77,"column":12},"end":{"line":77,"column":69}},"53":{"start":{"line":80,"column":40},"end":{"line":80,"column":48}},"54":{"start":{"line":81,"column":23},"end":{"line":81,"column":40}},"55":{"start":{"line":82,"column":8},"end":{"line":82,"column":78}},"56":{"start":{"line":85,"column":24},"end":{"line":85,"column":80}},"57":{"start":{"line":86,"column":8},"end":{"line":89,"column":9}},"58":{"start":{"line":87,"column":12},"end":{"line":87,"column":59}},"59":{"start":{"line":88,"column":12},"end":{"line":88,"column":88}},"60":{"start":{"line":92,"column":30},"end":{"line":92,"column":72}},"61":{"start":{"line":95,"column":28},"end":{"line":99,"column":9}},"62":{"start":{"line":101,"column":8},"end":{"line":104,"column":9}},"63":{"start":{"line":102,"column":12},"end":{"line":102,"column":42}},"64":{"start":{"line":103,"column":12},"end":{"line":103,"column":71}},"65":{"start":{"line":106,"column":8},"end":{"line":106,"column":63}},"66":{"start":{"line":107,"column":8},"end":{"line":107,"column":42}},"67":{"start":{"line":109,"column":8},"end":{"line":109,"column":51}},"68":{"start":{"line":110,"column":8},"end":{"line":110,"column":53}},"69":{"start":{"line":115,"column":0},"end":{"line":152,"column":2}},"70":{"start":{"line":116,"column":4},"end":{"line":116,"column":47}},"71":{"start":{"line":117,"column":4},"end":{"line":151,"column":5}},"72":{"start":{"line":118,"column":21},"end":{"line":118,"column":44}},"73":{"start":{"line":119,"column":8},"end":{"line":122,"column":9}},"74":{"start":{"line":120,"column":12},"end":{"line":120,"column":55}},"75":{"start":{"line":121,"column":12},"end":{"line":121,"column":69}},"76":{"start":{"line":124,"column":23},"end":{"line":124,"column":40}},"77":{"start":{"line":125,"column":8},"end":{"line":125,"column":78}},"78":{"start":{"line":128,"column":24},"end":{"line":128,"column":80}},"79":{"start":{"line":129,"column":8},"end":{"line":132,"column":9}},"80":{"start":{"line":130,"column":12},"end":{"line":130,"column":59}},"81":{"start":{"line":131,"column":12},"end":{"line":131,"column":88}},"82":{"start":{"line":135,"column":8},"end":{"line":135,"column":77}},"83":{"start":{"line":135,"column":51},"end":{"line":135,"column":75}},"84":{"start":{"line":136,"column":8},"end":{"line":136,"column":29}},"85":{"start":{"line":137,"column":8},"end":{"line":137,"column":62}},"86":{"start":{"line":140,"column":28},"end":{"line":140,"column":64}},"87":{"start":{"line":141,"column":8},"end":{"line":144,"column":9}},"88":{"start":{"line":142,"column":12},"end":{"line":142,"column":42}},"89":{"start":{"line":143,"column":12},"end":{"line":143,"column":71}},"90":{"start":{"line":146,"column":8},"end":{"line":146,"column":49}},"91":{"start":{"line":147,"column":8},"end":{"line":147,"column":71}},"92":{"start":{"line":149,"column":8},"end":{"line":149,"column":51}},"93":{"start":{"line":150,"column":8},"end":{"line":150,"column":53}}},"fnMap":{"0":{"name":"(anonymous_0)","decl":{"start":{"line":5,"column":21},"end":{"line":5,"column":22}},"loc":{"start":{"line":5,"column":36},"end":{"line":31,"column":1}},"line":5},"1":{"name":"(anonymous_1)","decl":{"start":{"line":34,"column":18},"end":{"line":34,"column":19}},"loc":{"start":{"line":34,"column":38},"end":{"line":69,"column":1}},"line":34},"2":{"name":"(anonymous_2)","decl":{"start":{"line":71,"column":21},"end":{"line":71,"column":22}},"loc":{"start":{"line":71,"column":41},"end":{"line":112,"column":1}},"line":71},"3":{"name":"(anonymous_3)","decl":{"start":{"line":115,"column":21},"end":{"line":115,"column":22}},"loc":{"start":{"line":115,"column":41},"end":{"line":152,"column":1}},"line":115},"4":{"name":"(anonymous_4)","decl":{"start":{"line":135,"column":45},"end":{"line":135,"column":46}},"loc":{"start":{"line":135,"column":51},"end":{"line":135,"column":75}},"line":135}},"branchMap":{"0":{"loc":{"start":{"line":8,"column":4},"end":{"line":11,"column":5}},"type":"if","locations":[{"start":{"line":8,"column":4},"end":{"line":11,"column":5}},{"start":{},"end":{}}],"line":8},"1":{"loc":{"start":{"line":8,"column":8},"end":{"line":8,"column":55}},"type":"binary-expr","locations":[{"start":{"line":8,"column":8},"end":{"line":8,"column":19}},{"start":{"line":8,"column":23},"end":{"line":8,"column":55}}],"line":8},"2":{"loc":{"start":{"line":18,"column":4},"end":{"line":21,"column":5}},"type":"if","locations":[{"start":{"line":18,"column":4},"end":{"line":21,"column":5}},{"start":{},"end":{}}],"line":18},"3":{"loc":{"start":{"line":24,"column":4},"end":{"line":27,"column":5}},"type":"if","locations":[{"start":{"line":24,"column":4},"end":{"line":27,"column":5}},{"start":{},"end":{}}],"line":24},"4":{"loc":{"start":{"line":38,"column":8},"end":{"line":41,"column":9}},"type":"if","locations":[{"start":{"line":38,"column":8},"end":{"line":41,"column":9}},{"start":{},"end":{}}],"line":38},"5":{"loc":{"start":{"line":49,"column":8},"end":{"line":52,"column":9}},"type":"if","locations":[{"start":{"line":49,"column":8},"end":{"line":52,"column":9}},{"start":{},"end":{}}],"line":49},"6":{"loc":{"start":{"line":75,"column":8},"end":{"line":78,"column":9}},"type":"if","locations":[{"start":{"line":75,"column":8},"end":{"line":78,"column":9}},{"start":{},"end":{}}],"line":75},"7":{"loc":{"start":{"line":86,"column":8},"end":{"line":89,"column":9}},"type":"if","locations":[{"start":{"line":86,"column":8},"end":{"line":89,"column":9}},{"start":{},"end":{}}],"line":86},"8":{"loc":{"start":{"line":92,"column":30},"end":{"line":92,"column":72}},"type":"cond-expr","locations":[{"start":{"line":92,"column":55},"end":{"line":92,"column":65}},{"start":{"line":92,"column":68},"end":{"line":92,"column":72}}],"line":92},"9":{"loc":{"start":{"line":101,"column":8},"end":{"line":104,"column":9}},"type":"if","locations":[{"start":{"line":101,"column":8},"end":{"line":104,"column":9}},{"start":{},"end":{}}],"line":101},"10":{"loc":{"start":{"line":119,"column":8},"end":{"line":122,"column":9}},"type":"if","locations":[{"start":{"line":119,"column":8},"end":{"line":122,"column":9}},{"start":{},"end":{}}],"line":119},"11":{"loc":{"start":{"line":129,"column":8},"end":{"line":132,"column":9}},"type":"if","locations":[{"start":{"line":129,"column":8},"end":{"line":132,"column":9}},{"start":{},"end":{}}],"line":129},"12":{"loc":{"start":{"line":141,"column":8},"end":{"line":144,"column":9}},"type":"if","locations":[{"start":{"line":141,"column":8},"end":{"line":144,"column":9}},{"start":{},"end":{}}],"line":141}},"s":{"0":3,"1":3,"2":3,"3":3,"4":3,"5":3,"6":3,"7":0,"8":0,"9":3,"10":3,"11":3,"12":3,"13":3,"14":3,"15":0,"16":0,"17":3,"18":3,"19":0,"20":0,"21":3,"22":3,"23":3,"24":1,"25":1,"26":1,"27":1,"28":0,"29":0,"30":1,"31":1,"32":1,"33":1,"34":1,"35":0,"36":0,"37":1,"38":1,"39":1,"40":1,"41":1,"42":1,"43":1,"44":0,"45":0,"46":3,"47":1,"48":1,"49":1,"50":1,"51":0,"52":0,"53":1,"54":1,"55":1,"56":1,"57":1,"58":0,"59":0,"60":1,"61":1,"62":1,"63":0,"64":0,"65":1,"66":1,"67":0,"68":0,"69":3,"70":1,"71":1,"72":1,"73":1,"74":0,"75":0,"76":1,"77":1,"78":1,"79":1,"80":0,"81":0,"82":1,"83":1,"84":1,"85":1,"86":1,"87":1,"88":0,"89":0,"90":1,"91":1,"92":0,"93":0},"f":{"0":3,"1":1,"2":1,"3":1,"4":1},"b":{"0":[0,3],"1":[3,3],"2":[0,3],"3":[0,3],"4":[0,1],"5":[0,1],"6":[0,1],"7":[0,1],"8":[1,0],"9":[0,1],"10":[0,1],"11":[0,1],"12":[0,1]},"_coverageSchema":"1a1c01bbd47fc00a2c39e90264f33305004495a9","hash":"2d033360fb96305341979fc9e278bc38909a0157"}
,"/home/ashna/Desktop/TODO_HATIO/backend/models/Project.js": {"path":"/home/ashna/Desktop/TODO_HATIO/backend/models/Project.js","statementMap":{"0":{"start":{"line":2,"column":17},"end":{"line":2,"column":36}},"1":{"start":{"line":4,"column":22},"end":{"line":24,"column":2}},"2":{"start":{"line":26,"column":0},"end":{"line":26,"column":58}}},"fnMap":{},"branchMap":{},"s":{"0":3,"1":3,"2":3},"f":{},"b":{},"_coverageSchema":"1a1c01bbd47fc00a2c39e90264f33305004495a9","hash":"e1c488b0ab7d4e8be2bd754d632477a11e7c10b8"}
,"/home/ashna/Desktop/TODO_HATIO/backend/models/Todo.js": {"path":"/home/ashna/Desktop/TODO_HATIO/backend/models/Todo.js","statementMap":{"0":{"start":{"line":1,"column":17},"end":{"line":1,"column":36}},"1":{"start":{"line":3,"column":19},"end":{"line":30,"column":2}},"2":{"start":{"line":32,"column":0},"end":{"line":32,"column":52}}},"fnMap":{},"branchMap":{},"s":{"0":3,"1":3,"2":3},"f":{},"b":{},"_coverageSchema":"1a1c01bbd47fc00a2c39e90264f33305004495a9","hash":"417e6e5d49ff44bb013ee876c89559812ef91c8b"}
,"/home/ashna/Desktop/TODO_HATIO/backend/models/User.js": {"path":"/home/ashna/Desktop/TODO_HATIO/backend/models/User.js","statementMap":{"0":{"start":{"line":1,"column":17},"end":{"line":1,"column":36}},"1":{"start":{"line":2,"column":15},"end":{"line":2,"column":34}},"2":{"start":{"line":4,"column":19},"end":{"line":18,"column":2}},"3":{"start":{"line":21,"column":0},"end":{"line":30,"column":3}},"4":{"start":{"line":22,"column":4},"end":{"line":22,"column":52}},"5":{"start":{"line":22,"column":38},"end":{"line":22,"column":52}},"6":{"start":{"line":23,"column":4},"end":{"line":29,"column":5}},"7":{"start":{"line":24,"column":21},"end":{"line":24,"column":45}},"8":{"start":{"line":25,"column":8},"end":{"line":25,"column":63}},"9":{"start":{"line":26,"column":8},"end":{"line":26,"column":15}},"10":{"start":{"line":28,"column":8},"end":{"line":28,"column":18}},"11":{"start":{"line":33,"column":0},"end":{"line":36,"column":2}},"12":{"start":{"line":34,"column":4},"end":{"line":34,"column":64}},"13":{"start":{"line":35,"column":4},"end":{"line":35,"column":60}},"14":{"start":{"line":39,"column":0},"end":{"line":39,"column":52}}},"fnMap":{"0":{"name":"(anonymous_0)","decl":{"start":{"line":21,"column":23},"end":{"line":21,"column":24}},"loc":{"start":{"line":21,"column":45},"end":{"line":30,"column":1}},"line":21},"1":{"name":"(anonymous_1)","decl":{"start":{"line":33,"column":37},"end":{"line":33,"column":38}},"loc":{"start":{"line":33,"column":72},"end":{"line":36,"column":1}},"line":33}},"branchMap":{"0":{"loc":{"start":{"line":22,"column":4},"end":{"line":22,"column":52}},"type":"if","locations":[{"start":{"line":22,"column":4},"end":{"line":22,"column":52}},{"start":{},"end":{}}],"line":22}},"s":{"0":3,"1":3,"2":3,"3":3,"4":17,"5":0,"6":17,"7":17,"8":17,"9":17,"10":0,"11":3,"12":13,"13":13,"14":3},"f":{"0":17,"1":13},"b":{"0":[0,17]},"_coverageSchema":"1a1c01bbd47fc00a2c39e90264f33305004495a9","hash":"4cd952573487be745cf312ffa67b5d3c21ee540f"}
,"/home/ashna/Desktop/TODO_HATIO/backend/routes/auth.js": {"path":"/home/ashna/Desktop/TODO_HATIO/backend/routes/auth.js","statementMap":{"0":{"start":{"line":1,"column":16},"end":{"line":1,"column":34}},"1":{"start":{"line":2,"column":17},"end":{"line":2,"column":45}},"2":{"start":{"line":3,"column":23},"end":{"line":3,"column":63}},"3":{"start":{"line":5,"column":15},"end":{"line":5,"column":31}},"4":{"start":{"line":7,"column":0},"end":{"line":17,"column":2}},"5":{"start":{"line":19,"column":0},"end":{"line":19,"column":44}},"6":{"start":{"line":21,"column":0},"end":{"line":21,"column":24}}},"fnMap":{},"branchMap":{},"s":{"0":3,"1":3,"2":3,"3":3,"4":3,"5":3,"6":3},"f":{},"b":{},"_coverageSchema":"1a1c01bbd47fc00a2c39e90264f33305004495a9","hash":"3066a707db21a97afb0fedb0c9070d0fee1f3480"}
,"/home/ashna/Desktop/TODO_HATIO/backend/routes/projects.js": {"path":"/home/ashna/Desktop/TODO_HATIO/backend/routes/projects.js","statementMap":{"0":{"start":{"line":1,"column":16},"end":{"line":1,"column":34}},"1":{"start":{"line":2,"column":17},"end":{"line":2,"column":45}},"2":{"start":{"line":3,"column":26},"end":{"line":3,"column":69}},"3":{"start":{"line":5,"column":15},"end":{"line":5,"column":31}},"4":{"start":{"line":7,"column":0},"end":{"line":17,"column":2}},"5":{"start":{"line":19,"column":0},"end":{"line":19,"column":50}},"6":{"start":{"line":21,"column":0},"end":{"line":21,"column":53}},"7":{"start":{"line":23,"column":0},"end":{"line":33,"column":2}},"8":{"start":{"line":35,"column":0},"end":{"line":35,"column":55}},"9":{"start":{"line":37,"column":0},"end":{"line":37,"column":67}},"10":{"start":{"line":39,"column":0},"end":{"line":39,"column":24}}},"fnMap":{},"branchMap":{},"s":{"0":3,"1":3,"2":3,"3":3,"4":3,"5":3,"6":3,"7":3,"8":3,"9":3,"10":3},"f":{},"b":{},"_coverageSchema":"1a1c01bbd47fc00a2c39e90264f33305004495a9","hash":"d0b97dd9828b983493a4cc2c9b797d45725ed266"}
,"/home/ashna/Desktop/TODO_HATIO/backend/routes/todo.js": {"path":"/home/ashna/Desktop/TODO_HATIO/backend/routes/todo.js","statementMap":{"0":{"start":{"line":1,"column":16},"end":{"line":1,"column":34}},"1":{"start":{"line":2,"column":17},"end":{"line":2,"column":45}},"2":{"start":{"line":3,"column":23},"end":{"line":3,"column":63}},"3":{"start":{"line":5,"column":15},"end":{"line":5,"column":31}},"4":{"start":{"line":7,"column":0},"end":{"line":16,"column":2}},"5":{"start":{"line":18,"column":0},"end":{"line":32,"column":2}},"6":{"start":{"line":34,"column":0},"end":{"line":34,"column":53}},"7":{"start":{"line":36,"column":0},"end":{"line":36,"column":24}}},"fnMap":{},"branchMap":{},"s":{"0":3,"1":3,"2":3,"3":3,"4":3,"5":3,"6":3,"7":3},"f":{},"b":{},"_coverageSchema":"1a1c01bbd47fc00a2c39e90264f33305004495a9","hash":"a4dc70e3d714f5a4bcf964db5ab1663d665da1b3"}
,"/home/ashna/Desktop/TODO_HATIO/backend/services/githubService.js": {"path":"/home/ashna/Desktop/TODO_HATIO/backend/services/githubService.js","statementMap":{"0":{"start":{"line":1,"column":14},"end":{"line":1,"column":30}},"1":{"start":{"line":2,"column":21},"end":{"line":2,"column":45}},"2":{"start":{"line":4,"column":19},"end":{"line":24,"column":1}},"3":{"start":{"line":5,"column":2},"end":{"line":23,"column":3}},"4":{"start":{"line":6,"column":21},"end":{"line":19,"column":5}},"5":{"start":{"line":20,"column":4},"end":{"line":20,"column":25}},"6":{"start":{"line":22,"column":4},"end":{"line":22,"column":76}},"7":{"start":{"line":26,"column":0},"end":{"line":26,"column":32}}},"fnMap":{"0":{"name":"(anonymous_0)","decl":{"start":{"line":4,"column":19},"end":{"line":4,"column":20}},"loc":{"start":{"line":4,"column":67},"end":{"line":24,"column":1}},"line":4}},"branchMap":{"0":{"loc":{"start":{"line":4,"column":46},"end":{"line":4,"column":62}},"type":"default-arg","locations":[{"start":{"line":4,"column":57},"end":{"line":4,"column":62}}],"line":4},"1":{"loc":{"start":{"line":22,"column":20},"end":{"line":22,"column":74}},"type":"binary-expr","locations":[{"start":{"line":22,"column":20},"end":{"line":22,"column":47}},{"start":{"line":22,"column":51},"end":{"line":22,"column":74}}],"line":22}},"s":{"0":3,"1":3,"2":3,"3":0,"4":0,"5":0,"6":0,"7":3},"f":{"0":0},"b":{"0":[0],"1":[0,0]},"_coverageSchema":"1a1c01bbd47fc00a2c39e90264f33305004495a9","hash":"0c30841e3e737c8b886e64b180ce2ee4a78bd861"}
,"/home/ashna/Desktop/TODO_HATIO/backend/tests/setup.js": {"path":"/home/ashna/Desktop/TODO_HATIO/backend/tests/setup.js","statementMap":{"0":{"start":{"line":2,"column":30},"end":{"line":2,"column":62}},"1":{"start":{"line":3,"column":17},"end":{"line":3,"column":36}},"2":{"start":{"line":7,"column":0},"end":{"line":14,"column":2}},"3":{"start":{"line":8,"column":2},"end":{"line":8,"column":49}},"4":{"start":{"line":9,"column":14},"end":{"line":9,"column":34}},"5":{"start":{"line":10,"column":2},"end":{"line":13,"column":5}},"6":{"start":{"line":16,"column":0},"end":{"line":20,"column":2}},"7":{"start":{"line":17,"column":2},"end":{"line":17,"column":43}},"8":{"start":{"line":18,"column":2},"end":{"line":18,"column":36}},"9":{"start":{"line":19,"column":2},"end":{"line":19,"column":27}},"10":{"start":{"line":22,"column":0},"end":{"line":28,"column":2}},"11":{"start":{"line":23,"column":22},"end":{"line":23,"column":53}},"12":{"start":{"line":24,"column":2},"end":{"line":27,"column":3}},"13":{"start":{"line":25,"column":23},"end":{"line":25,"column":39}},"14":{"start":{"line":26,"column":4},"end":{"line":26,"column":34}}},"fnMap":{"0":{"name":"(anonymous_0)","decl":{"start":{"line":7,"column":25},"end":{"line":7,"column":26}},"loc":{"start":{"line":7,"column":37},"end":{"line":14,"column":1}},"line":7},"1":{"name":"(anonymous_1)","decl":{"start":{"line":16,"column":31},"end":{"line":16,"column":32}},"loc":{"start":{"line":16,"column":43},"end":{"line":20,"column":1}},"line":16},"2":{"name":"(anonymous_2)","decl":{"start":{"line":22,"column":31},"end":{"line":22,"column":32}},"loc":{"start":{"line":22,"column":43},"end":{"line":28,"column":1}},"line":22}},"branchMap":{},"s":{"0":3,"1":3,"2":3,"3":3,"4":3,"5":3,"6":3,"7":3,"8":3,"9":3,"10":3,"11":19,"12":19,"13":57,"14":57},"f":{"0":3,"1":3,"2":19},"b":{},"_coverageSchema":"1a1c01bbd47fc00a2c39e90264f33305004495a9","hash":"778a60271c7665898362dc9a3c1512d106540994"}
}
