TN:
SF:server.js
FN:25,(anonymous_0)
FN:36,(anonymous_1)
FN:39,(anonymous_2)
FN:43,(anonymous_3)
FNF:4
FNH:0
FNDA:0,(anonymous_0)
FNDA:0,(anonymous_1)
FNDA:0,(anonymous_2)
FNDA:0,(anonymous_3)
DA:2,3
DA:4,3
DA:5,3
DA:6,3
DA:7,3
DA:8,3
DA:9,3
DA:11,3
DA:14,3
DA:17,3
DA:18,3
DA:25,3
DA:26,0
DA:28,3
DA:29,3
DA:30,3
DA:33,3
DA:34,0
DA:37,0
DA:38,0
DA:39,0
DA:40,0
DA:44,0
DA:48,3
LF:24
LH:17
BRDA:17,0,0,3
BRDA:17,0,1,0
BRDA:33,1,0,0
BRDA:33,1,1,3
BRDA:38,2,0,0
BRDA:38,2,1,0
BRF:6
BRH:2
end_of_record
TN:
SF:controllers/authController.js
FN:4,(anonymous_0)
FN:27,(anonymous_1)
FN:71,(anonymous_2)
FNF:3
FNH:3
FNDA:3,(anonymous_0)
FNDA:2,(anonymous_1)
FNDA:3,(anonymous_2)
DA:1,3
DA:2,3
DA:4,3
DA:5,3
DA:6,3
DA:7,0
DA:8,0
DA:10,3
DA:11,3
DA:12,3
DA:13,3
DA:14,3
DA:15,3
DA:16,1
DA:17,1
DA:19,2
DA:21,0
DA:22,0
DA:27,3
DA:28,2
DA:30,2
DA:31,2
DA:32,0
DA:33,0
DA:36,2
DA:37,2
DA:38,2
DA:41,2
DA:42,2
DA:43,1
DA:44,1
DA:48,1
DA:49,1
DA:50,1
DA:53,1
DA:54,1
DA:57,1
DA:60,1
DA:65,0
DA:66,0
DA:71,3
DA:72,3
DA:73,3
DA:74,3
DA:75,3
DA:76,3
DA:78,3
DA:79,1
DA:80,1
DA:83,2
DA:84,2
DA:87,2
DA:88,2
DA:89,1
DA:90,1
DA:94,1
DA:95,1
DA:96,1
DA:97,0
DA:98,0
DA:101,1
DA:102,1
DA:104,0
DA:105,0
LF:64
LH:52
BRDA:6,0,0,0
BRDA:6,0,1,3
BRDA:6,1,0,3
BRDA:6,1,1,3
BRDA:15,2,0,1
BRDA:15,2,1,2
BRDA:15,3,0,3
BRDA:15,3,1,3
BRDA:31,4,0,0
BRDA:31,4,1,2
BRDA:42,5,0,1
BRDA:42,5,1,1
BRDA:78,6,0,1
BRDA:78,6,1,2
BRDA:88,7,0,1
BRDA:88,7,1,1
BRDA:96,8,0,0
BRDA:96,8,1,1
BRF:18
BRH:15
end_of_record
TN:
SF:controllers/projectController.js
FN:9,(anonymous_0)
FN:37,(anonymous_1)
FN:66,(anonymous_2)
FN:85,(anonymous_3)
FN:109,(anonymous_4)
FN:146,(anonymous_5)
FN:176,(anonymous_6)
FN:189,(anonymous_7)
FN:190,(anonymous_8)
FN:197,(anonymous_9)
FN:203,(anonymous_10)
FN:204,(anonymous_11)
FNF:12
FNH:6
FNDA:9,(anonymous_0)
FNDA:2,(anonymous_1)
FNDA:2,(anonymous_2)
FNDA:2,(anonymous_3)
FNDA:3,(anonymous_4)
FNDA:2,(anonymous_5)
FNDA:0,(anonymous_6)
FNDA:0,(anonymous_7)
FNDA:0,(anonymous_8)
FNDA:0,(anonymous_9)
FNDA:0,(anonymous_10)
FNDA:0,(anonymous_11)
DA:1,3
DA:2,3
DA:3,3
DA:4,3
DA:5,3
DA:6,3
DA:7,3
DA:9,3
DA:10,9
DA:11,9
DA:12,9
DA:13,0
DA:14,0
DA:16,9
DA:17,9
DA:18,9
DA:19,9
DA:21,9
DA:22,9
DA:23,0
DA:24,0
DA:27,9
DA:28,9
DA:29,0
DA:30,0
DA:33,9
DA:34,9
DA:37,3
DA:38,2
DA:39,2
DA:40,2
DA:41,1
DA:42,1
DA:45,1
DA:46,1
DA:47,1
DA:48,0
DA:49,0
DA:52,1
DA:53,1
DA:55,1
DA:56,1
DA:58,1
DA:59,1
DA:61,0
DA:62,0
DA:66,3
DA:67,2
DA:68,2
DA:69,2
DA:70,2
DA:71,0
DA:72,0
DA:75,2
DA:76,2
DA:77,2
DA:78,2
DA:80,0
DA:81,0
DA:85,3
DA:86,2
DA:87,2
DA:88,2
DA:89,2
DA:90,0
DA:91,0
DA:94,2
DA:95,2
DA:96,2
DA:97,1
DA:98,1
DA:101,1
DA:102,1
DA:104,0
DA:105,0
DA:109,3
DA:110,3
DA:111,3
DA:112,3
DA:113,1
DA:114,1
DA:117,2
DA:118,2
DA:119,2
DA:120,0
DA:121,0
DA:124,2
DA:125,2
DA:127,2
DA:133,2
DA:134,1
DA:135,1
DA:138,1
DA:139,1
DA:141,0
DA:142,0
DA:146,3
DA:147,2
DA:148,2
DA:149,2
DA:150,2
DA:151,0
DA:152,0
DA:155,2
DA:156,2
DA:158,2
DA:159,1
DA:160,1
DA:163,1
DA:164,1
DA:165,1
DA:167,1
DA:168,1
DA:170,0
DA:171,0
DA:176,3
DA:177,0
DA:178,0
DA:179,0
DA:180,0
DA:183,0
DA:185,0
DA:186,0
DA:188,0
DA:189,0
DA:190,0
DA:193,0
DA:194,0
DA:196,0
DA:197,0
DA:198,0
DA:201,0
DA:202,0
DA:203,0
DA:205,0
DA:208,0
DA:210,0
DA:211,0
DA:213,0
DA:214,0
DA:215,0
DA:216,0
DA:218,0
DA:223,0
DA:233,0
DA:235,0
DA:236,0
LF:147
LH:90
BRDA:12,0,0,0
BRDA:12,0,1,9
BRDA:12,1,0,9
BRDA:12,1,1,9
BRDA:22,2,0,0
BRDA:22,2,1,9
BRDA:28,3,0,0
BRDA:28,3,1,9
BRDA:40,4,0,1
BRDA:40,4,1,1
BRDA:47,5,0,0
BRDA:47,5,1,1
BRDA:70,6,0,0
BRDA:70,6,1,2
BRDA:89,7,0,0
BRDA:89,7,1,2
BRDA:96,8,0,1
BRDA:96,8,1,1
BRDA:112,9,0,1
BRDA:112,9,1,2
BRDA:119,10,0,0
BRDA:119,10,1,2
BRDA:133,11,0,1
BRDA:133,11,1,1
BRDA:150,12,0,0
BRDA:150,12,1,2
BRDA:158,13,0,1
BRDA:158,13,1,1
BRDA:179,14,0,0
BRDA:179,14,1,0
BRDA:186,15,0,0
BRDA:186,15,1,0
BRDA:210,16,0,0
BRDA:210,16,1,0
BRF:34
BRH:20
end_of_record
TN:
SF:controllers/todoController.js
FN:5,(anonymous_0)
FN:34,(anonymous_1)
FN:71,(anonymous_2)
FN:115,(anonymous_3)
FN:135,(anonymous_4)
FNF:5
FNH:5
FNDA:3,(anonymous_0)
FNDA:1,(anonymous_1)
FNDA:1,(anonymous_2)
FNDA:1,(anonymous_3)
FNDA:1,(anonymous_4)
DA:1,3
DA:2,3
DA:3,3
DA:5,3
DA:6,3
DA:7,3
DA:8,3
DA:9,0
DA:10,0
DA:12,3
DA:13,3
DA:14,3
DA:15,3
DA:17,3
DA:18,3
DA:19,0
DA:20,0
DA:23,3
DA:24,3
DA:25,0
DA:26,0
DA:29,3
DA:30,3
DA:34,3
DA:35,1
DA:36,1
DA:37,1
DA:38,1
DA:39,0
DA:40,0
DA:43,1
DA:44,1
DA:45,1
DA:48,1
DA:49,1
DA:50,0
DA:51,0
DA:55,1
DA:56,1
DA:57,1
DA:60,1
DA:61,1
DA:62,1
DA:64,1
DA:66,0
DA:67,0
DA:71,3
DA:72,1
DA:73,1
DA:74,1
DA:75,1
DA:76,0
DA:77,0
DA:80,1
DA:81,1
DA:82,1
DA:85,1
DA:86,1
DA:87,0
DA:88,0
DA:92,1
DA:95,1
DA:101,1
DA:102,0
DA:103,0
DA:106,1
DA:107,1
DA:109,0
DA:110,0
DA:115,3
DA:116,1
DA:117,1
DA:118,1
DA:119,1
DA:120,0
DA:121,0
DA:124,1
DA:125,1
DA:128,1
DA:129,1
DA:130,0
DA:131,0
DA:135,1
DA:136,1
DA:137,1
DA:140,1
DA:141,1
DA:142,0
DA:143,0
DA:146,1
DA:147,1
DA:149,0
DA:150,0
LF:93
LH:65
BRDA:8,0,0,0
BRDA:8,0,1,3
BRDA:8,1,0,3
BRDA:8,1,1,3
BRDA:18,2,0,0
BRDA:18,2,1,3
BRDA:24,3,0,0
BRDA:24,3,1,3
BRDA:38,4,0,0
BRDA:38,4,1,1
BRDA:49,5,0,0
BRDA:49,5,1,1
BRDA:75,6,0,0
BRDA:75,6,1,1
BRDA:86,7,0,0
BRDA:86,7,1,1
BRDA:92,8,0,1
BRDA:92,8,1,0
BRDA:101,9,0,0
BRDA:101,9,1,1
BRDA:119,10,0,0
BRDA:119,10,1,1
BRDA:129,11,0,0
BRDA:129,11,1,1
BRDA:141,12,0,0
BRDA:141,12,1,1
BRF:26
BRH:14
end_of_record
TN:
SF:models/Project.js
FNF:0
FNH:0
DA:2,3
DA:4,3
DA:26,3
LF:3
LH:3
BRF:0
BRH:0
end_of_record
TN:
SF:models/Todo.js
FNF:0
FNH:0
DA:1,3
DA:3,3
DA:32,3
LF:3
LH:3
BRF:0
BRH:0
end_of_record
TN:
SF:models/User.js
FN:21,(anonymous_0)
FN:33,(anonymous_1)
FNF:2
FNH:2
FNDA:17,(anonymous_0)
FNDA:13,(anonymous_1)
DA:1,3
DA:2,3
DA:4,3
DA:21,3
DA:22,17
DA:23,17
DA:24,17
DA:25,17
DA:26,17
DA:28,0
DA:33,3
DA:34,13
DA:35,13
DA:39,3
LF:14
LH:13
BRDA:22,0,0,0
BRDA:22,0,1,17
BRF:2
BRH:1
end_of_record
TN:
SF:routes/auth.js
FNF:0
FNH:0
DA:1,3
DA:2,3
DA:3,3
DA:5,3
DA:7,3
DA:19,3
DA:21,3
LF:7
LH:7
BRF:0
BRH:0
end_of_record
TN:
SF:routes/projects.js
FNF:0
FNH:0
DA:1,3
DA:2,3
DA:3,3
DA:5,3
DA:7,3
DA:19,3
DA:21,3
DA:23,3
DA:35,3
DA:37,3
DA:39,3
LF:11
LH:11
BRF:0
BRH:0
end_of_record
TN:
SF:routes/todo.js
FNF:0
FNH:0
DA:1,3
DA:2,3
DA:3,3
DA:5,3
DA:7,3
DA:18,3
DA:34,3
DA:36,3
LF:8
LH:8
BRF:0
BRH:0
end_of_record
TN:
SF:services/githubService.js
FN:4,(anonymous_0)
FNF:1
FNH:0
FNDA:0,(anonymous_0)
DA:1,3
DA:2,3
DA:4,3
DA:5,0
DA:6,0
DA:20,0
DA:22,0
DA:26,3
LF:8
LH:4
BRDA:4,0,0,0
BRDA:22,1,0,0
BRDA:22,1,1,0
BRF:3
BRH:0
end_of_record
TN:
SF:tests/setup.js
FN:7,(anonymous_0)
FN:16,(anonymous_1)
FN:22,(anonymous_2)
FNF:3
FNH:3
FNDA:3,(anonymous_0)
FNDA:3,(anonymous_1)
FNDA:19,(anonymous_2)
DA:2,3
DA:3,3
DA:7,3
DA:8,3
DA:9,3
DA:10,3
DA:16,3
DA:17,3
DA:18,3
DA:19,3
DA:22,3
DA:23,19
DA:24,19
DA:25,57
DA:26,57
LF:15
LH:15
BRF:0
BRH:0
end_of_record
